{"uuid":"658ed21c-2c39-428f-b49f-c18440b00a5d","historyId":"601038ea53aacd86dd5dda192f1844bc","fullName":"login to the OrangeHRM: User is able to Book online Bus tickets on EasymyTrip","labels":[{"name":"tag","value":"tag2"},{"name":"host","value":"QT-INBG-LT0454"},{"name":"thread","value":"1272@QT-INBG-LT0454.main(1)"},{"name":"feature","value":"login to the OrangeHRM"},{"name":"story","value":"User is able to Book online Bus tickets on EasymyTrip"},{"name":"suite","value":"login to the OrangeHRM"},{"name":"testClass","value":"User is able to Book online Bus tickets on EasymyTrip"},{"name":"framework","value":"cucumber5jvm"},{"name":"language","value":"java"},{"name":"gherkin_uri","value":"file:///C:/Users/gowtham.n/eclipse-workspace/EayMyTrip/src/test/feature/mainScenario.feature"},{"name":"package","value":"src.test.feature.mainScenario_feature.login to the OrangeHRM"}],"links":[],"name":"User is able to Book online Bus tickets on EasymyTrip","status":"broken","statusDetails":{"known":false,"muted":false,"flaky":false,"message":"no such element: Unable to locate element: {\"method\":\"xpath\",\"selector\":\"//label[text()='Select a Boarding Point']/.. //a[text()='---Select---']/../descendant::a[contains(.,' Majestic Anandrao Circle')]\"}\n  (Session info: chrome=110.0.5481.180)\nFor documentation on this error, please visit: https://selenium.dev/exceptions/#no_such_element\nBuild info: version: '4.7.2', revision: '4d4020c3b7'\nSystem info: os.name: 'Windows 10', os.arch: 'amd64', os.version: '10.0', java.version: '17.0.3'\nDriver info: org.openqa.selenium.chrome.ChromeDriver\nCommand: [59e7ea1dafefeb6b6cf585e8cb395633, findElement {using=xpath, value=//label[text()='Select a Boarding Point']/.. //a[text()='---Select---']/../descendant::a[contains(.,' Majestic Anandrao Circle')]}]\nCapabilities {acceptInsecureCerts: false, browserName: chrome, browserVersion: 110.0.5481.180, chrome: {chromedriverVersion: 110.0.5481.77 (65ed616c6e8e..., userDataDir: C:\\Users\\gowtham.n\\AppData\\...}, goog:chromeOptions: {debuggerAddress: localhost:64313}, networkConnectionEnabled: false, pageLoadStrategy: normal, platformName: WINDOWS, proxy: Proxy(), se:cdp: ws://localhost:64313/devtoo..., se:cdpVersion: 110.0.5481.180, setWindowRect: true, strictFileInteractability: false, timeouts: {implicit: 0, pageLoad: 300000, script: 30000}, unhandledPromptBehavior: dismiss and notify, webauthn:extension:credBlob: true, webauthn:extension:largeBlob: true, webauthn:virtualAuthenticators: true}\nSession ID: 59e7ea1dafefeb6b6cf585e8cb395633","trace":"org.openqa.selenium.NoSuchElementException: no such element: Unable to locate element: {\"method\":\"xpath\",\"selector\":\"//label[text()='Select a Boarding Point']/.. //a[text()='---Select---']/../descendant::a[contains(.,' Majestic Anandrao Circle')]\"}\n  (Session info: chrome=110.0.5481.180)\nFor documentation on this error, please visit: https://selenium.dev/exceptions/#no_such_element\nBuild info: version: '4.7.2', revision: '4d4020c3b7'\nSystem info: os.name: 'Windows 10', os.arch: 'amd64', os.version: '10.0', java.version: '17.0.3'\nDriver info: org.openqa.selenium.chrome.ChromeDriver\nCommand: [59e7ea1dafefeb6b6cf585e8cb395633, findElement {using=xpath, value=//label[text()='Select a Boarding Point']/.. //a[text()='---Select---']/../descendant::a[contains(.,' Majestic Anandrao Circle')]}]\nCapabilities {acceptInsecureCerts: false, browserName: chrome, browserVersion: 110.0.5481.180, chrome: {chromedriverVersion: 110.0.5481.77 (65ed616c6e8e..., userDataDir: C:\\Users\\gowtham.n\\AppData\\...}, goog:chromeOptions: {debuggerAddress: localhost:64313}, networkConnectionEnabled: false, pageLoadStrategy: normal, platformName: WINDOWS, proxy: Proxy(), se:cdp: ws://localhost:64313/devtoo..., se:cdpVersion: 110.0.5481.180, setWindowRect: true, strictFileInteractability: false, timeouts: {implicit: 0, pageLoad: 300000, script: 30000}, unhandledPromptBehavior: dismiss and notify, webauthn:extension:credBlob: true, webauthn:extension:largeBlob: true, webauthn:virtualAuthenticators: true}\nSession ID: 59e7ea1dafefeb6b6cf585e8cb395633\r\n\tat java.base/jdk.internal.reflect.NativeConstructorAccessorImpl.newInstance0(Native Method)\r\n\tat java.base/jdk.internal.reflect.NativeConstructorAccessorImpl.newInstance(NativeConstructorAccessorImpl.java:77)\r\n\tat java.base/jdk.internal.reflect.DelegatingConstructorAccessorImpl.newInstance(DelegatingConstructorAccessorImpl.java:45)\r\n\tat java.base/java.lang.reflect.Constructor.newInstanceWithCaller(Constructor.java:499)\r\n\tat java.base/java.lang.reflect.Constructor.newInstance(Constructor.java:480)\r\n\tat org.openqa.selenium.remote.codec.w3c.W3CHttpResponseCodec.createException(W3CHttpResponseCodec.java:200)\r\n\tat org.openqa.selenium.remote.codec.w3c.W3CHttpResponseCodec.decode(W3CHttpResponseCodec.java:133)\r\n\tat org.openqa.selenium.remote.codec.w3c.W3CHttpResponseCodec.decode(W3CHttpResponseCodec.java:53)\r\n\tat org.openqa.selenium.remote.HttpCommandExecutor.execute(HttpCommandExecutor.java:184)\r\n\tat org.openqa.selenium.remote.service.DriverCommandExecutor.invokeExecute(DriverCommandExecutor.java:167)\r\n\tat org.openqa.selenium.remote.service.DriverCommandExecutor.execute(DriverCommandExecutor.java:142)\r\n\tat org.openqa.selenium.remote.RemoteWebDriver.execute(RemoteWebDriver.java:535)\r\n\tat org.openqa.selenium.remote.ElementLocation$ElementFinder$2.findElement(ElementLocation.java:162)\r\n\tat org.openqa.selenium.remote.ElementLocation.findElement(ElementLocation.java:60)\r\n\tat org.openqa.selenium.remote.RemoteWebDriver.findElement(RemoteWebDriver.java:351)\r\n\tat org.openqa.selenium.remote.RemoteWebDriver.findElement(RemoteWebDriver.java:343)\r\n\tat SeleniumCommands.AllCommands.getWebElementUsingXapth(AllCommands.java:39)\r\n\tat SeleniumCommands.AllCommands.click(AllCommands.java:49)\r\n\tat Bus_pageObjects.SeatSlectionPage.boardingpoint(SeatSlectionPage.java:16)\r\n\tat Bus_pageObjects.SeatSlectionPage.SeatSelection(SeatSlectionPage.java:40)\r\n\tat StepsDefination.mainSteps.slecect_the_bus_and_boarding_point_and_droping_point_click_on_continue(mainSteps.java:102)\r\n\tat ✽.slecect the bus and BoardingPoint and DropingPoint click on Continue(file:///C:/Users/gowtham.n/eclipse-workspace/EayMyTrip/src/test/feature/mainScenario.feature:23)\r\n"},"stage":"finished","steps":[{"name":"Given  User is Open the OrangeHRM website","status":"passed","statusDetails":{"known":false,"muted":false,"flaky":false},"stage":"finished","steps":[],"attachments":[],"parameters":[],"start":1678772209221,"stop":1678772216501},{"name":"When  User is entering the UserName and Password , click on login button","status":"passed","statusDetails":{"known":false,"muted":false,"flaky":false},"stage":"finished","steps":[],"attachments":[],"parameters":[],"start":1678772216502,"stop":1678772225228},{"name":"Then  Close the OrangeHRM and Open the EasyMyTrip","status":"passed","statusDetails":{"known":false,"muted":false,"flaky":false},"stage":"finished","steps":[],"attachments":[],"parameters":[],"start":1678772225228,"stop":1678772227339},{"name":"Given  User is able to launch the EasyMyTrip Website","status":"passed","statusDetails":{"known":false,"muted":false,"flaky":false},"stage":"finished","steps":[],"attachments":[],"parameters":[],"start":1678772227339,"stop":1678772233588},{"name":"When  User is select the Source and Destination, Date click on Search","status":"passed","statusDetails":{"known":false,"muted":false,"flaky":false},"stage":"finished","steps":[],"attachments":[],"parameters":[],"start":1678772233588,"stop":1678772251652},{"name":"When  slecect the bus and BoardingPoint and DropingPoint click on Continue","status":"broken","statusDetails":{"known":false,"muted":false,"flaky":false,"message":"no such element: Unable to locate element: {\"method\":\"xpath\",\"selector\":\"//label[text()='Select a Boarding Point']/.. //a[text()='---Select---']/../descendant::a[contains(.,' Majestic Anandrao Circle')]\"}\n  (Session info: chrome=110.0.5481.180)\nFor documentation on this error, please visit: https://selenium.dev/exceptions/#no_such_element\nBuild info: version: '4.7.2', revision: '4d4020c3b7'\nSystem info: os.name: 'Windows 10', os.arch: 'amd64', os.version: '10.0', java.version: '17.0.3'\nDriver info: org.openqa.selenium.chrome.ChromeDriver\nCommand: [59e7ea1dafefeb6b6cf585e8cb395633, findElement {using=xpath, value=//label[text()='Select a Boarding Point']/.. //a[text()='---Select---']/../descendant::a[contains(.,' Majestic Anandrao Circle')]}]\nCapabilities {acceptInsecureCerts: false, browserName: chrome, browserVersion: 110.0.5481.180, chrome: {chromedriverVersion: 110.0.5481.77 (65ed616c6e8e..., userDataDir: C:\\Users\\gowtham.n\\AppData\\...}, goog:chromeOptions: {debuggerAddress: localhost:64313}, networkConnectionEnabled: false, pageLoadStrategy: normal, platformName: WINDOWS, proxy: Proxy(), se:cdp: ws://localhost:64313/devtoo..., se:cdpVersion: 110.0.5481.180, setWindowRect: true, strictFileInteractability: false, timeouts: {implicit: 0, pageLoad: 300000, script: 30000}, unhandledPromptBehavior: dismiss and notify, webauthn:extension:credBlob: true, webauthn:extension:largeBlob: true, webauthn:virtualAuthenticators: true}\nSession ID: 59e7ea1dafefeb6b6cf585e8cb395633","trace":"org.openqa.selenium.NoSuchElementException: no such element: Unable to locate element: {\"method\":\"xpath\",\"selector\":\"//label[text()='Select a Boarding Point']/.. //a[text()='---Select---']/../descendant::a[contains(.,' Majestic Anandrao Circle')]\"}\n  (Session info: chrome=110.0.5481.180)\nFor documentation on this error, please visit: https://selenium.dev/exceptions/#no_such_element\nBuild info: version: '4.7.2', revision: '4d4020c3b7'\nSystem info: os.name: 'Windows 10', os.arch: 'amd64', os.version: '10.0', java.version: '17.0.3'\nDriver info: org.openqa.selenium.chrome.ChromeDriver\nCommand: [59e7ea1dafefeb6b6cf585e8cb395633, findElement {using=xpath, value=//label[text()='Select a Boarding Point']/.. //a[text()='---Select---']/../descendant::a[contains(.,' Majestic Anandrao Circle')]}]\nCapabilities {acceptInsecureCerts: false, browserName: chrome, browserVersion: 110.0.5481.180, chrome: {chromedriverVersion: 110.0.5481.77 (65ed616c6e8e..., userDataDir: C:\\Users\\gowtham.n\\AppData\\...}, goog:chromeOptions: {debuggerAddress: localhost:64313}, networkConnectionEnabled: false, pageLoadStrategy: normal, platformName: WINDOWS, proxy: Proxy(), se:cdp: ws://localhost:64313/devtoo..., se:cdpVersion: 110.0.5481.180, setWindowRect: true, strictFileInteractability: false, timeouts: {implicit: 0, pageLoad: 300000, script: 30000}, unhandledPromptBehavior: dismiss and notify, webauthn:extension:credBlob: true, webauthn:extension:largeBlob: true, webauthn:virtualAuthenticators: true}\nSession ID: 59e7ea1dafefeb6b6cf585e8cb395633\r\n\tat java.base/jdk.internal.reflect.NativeConstructorAccessorImpl.newInstance0(Native Method)\r\n\tat java.base/jdk.internal.reflect.NativeConstructorAccessorImpl.newInstance(NativeConstructorAccessorImpl.java:77)\r\n\tat java.base/jdk.internal.reflect.DelegatingConstructorAccessorImpl.newInstance(DelegatingConstructorAccessorImpl.java:45)\r\n\tat java.base/java.lang.reflect.Constructor.newInstanceWithCaller(Constructor.java:499)\r\n\tat java.base/java.lang.reflect.Constructor.newInstance(Constructor.java:480)\r\n\tat org.openqa.selenium.remote.codec.w3c.W3CHttpResponseCodec.createException(W3CHttpResponseCodec.java:200)\r\n\tat org.openqa.selenium.remote.codec.w3c.W3CHttpResponseCodec.decode(W3CHttpResponseCodec.java:133)\r\n\tat org.openqa.selenium.remote.codec.w3c.W3CHttpResponseCodec.decode(W3CHttpResponseCodec.java:53)\r\n\tat org.openqa.selenium.remote.HttpCommandExecutor.execute(HttpCommandExecutor.java:184)\r\n\tat org.openqa.selenium.remote.service.DriverCommandExecutor.invokeExecute(DriverCommandExecutor.java:167)\r\n\tat org.openqa.selenium.remote.service.DriverCommandExecutor.execute(DriverCommandExecutor.java:142)\r\n\tat org.openqa.selenium.remote.RemoteWebDriver.execute(RemoteWebDriver.java:535)\r\n\tat org.openqa.selenium.remote.ElementLocation$ElementFinder$2.findElement(ElementLocation.java:162)\r\n\tat org.openqa.selenium.remote.ElementLocation.findElement(ElementLocation.java:60)\r\n\tat org.openqa.selenium.remote.RemoteWebDriver.findElement(RemoteWebDriver.java:351)\r\n\tat org.openqa.selenium.remote.RemoteWebDriver.findElement(RemoteWebDriver.java:343)\r\n\tat SeleniumCommands.AllCommands.getWebElementUsingXapth(AllCommands.java:39)\r\n\tat SeleniumCommands.AllCommands.click(AllCommands.java:49)\r\n\tat Bus_pageObjects.SeatSlectionPage.boardingpoint(SeatSlectionPage.java:16)\r\n\tat Bus_pageObjects.SeatSlectionPage.SeatSelection(SeatSlectionPage.java:40)\r\n\tat StepsDefination.mainSteps.slecect_the_bus_and_boarding_point_and_droping_point_click_on_continue(mainSteps.java:102)\r\n\tat ✽.slecect the bus and BoardingPoint and DropingPoint click on Continue(file:///C:/Users/gowtham.n/eclipse-workspace/EayMyTrip/src/test/feature/mainScenario.feature:23)\r\n"},"stage":"finished","steps":[],"attachments":[],"parameters":[],"start":1678772251653,"stop":1678772266923},{"name":"Then  Verify the Bus BookingPage and Close the browser","status":"skipped","statusDetails":{"known":false,"muted":false,"flaky":false},"stage":"finished","steps":[],"attachments":[],"parameters":[],"start":1678772267117,"stop":1678772267117}],"attachments":[],"parameters":[],"start":1678772209221,"stop":1678772267118}