<?xml version="1.0" encoding="UTF-8"?>
<testng-results ignored="0" total="2" passed="2" failed="0" skipped="0">
  <reporter-output>
  </reporter-output>
  <suite started-at="2023-03-07T10:36:30 IST" name="Default suite" finished-at="2023-03-07T10:38:38 IST" duration-ms="127876">
    <groups>
      <group name="cucumber">
        <method signature="AbstractTestNGCucumberTests.runScenario(io.cucumber.testng.PickleWrapper,io.cucumber.testng.FeatureWrapper)[pri:0, instance:TestRunner.AllRunner@7749bf93]" name="runScenario" class="io.cucumber.testng.AbstractTestNGCucumberTests"/>
      </group> <!-- cucumber -->
    </groups>
    <test started-at="2023-03-07T10:36:30 IST" name="Default test" finished-at="2023-03-07T10:38:38 IST" duration-ms="127876">
      <class name="TestRunner.AllRunner">
        <test-method is-config="true" signature="setUpClass()[pri:0, instance:TestRunner.AllRunner@7749bf93]" started-at="2023-03-07T10:36:30 IST" name="setUpClass" finished-at="2023-03-07T10:36:30 IST" duration-ms="348" status="PASS">
          <reporter-output>
          </reporter-output>
        </test-method> <!-- setUpClass -->
        <test-method signature="runScenario(io.cucumber.testng.PickleWrapper,io.cucumber.testng.FeatureWrapper)[pri:0, instance:TestRunner.AllRunner@7749bf93]" started-at="2023-03-07T10:36:30 IST" name="runScenario" description="Runs Cucumber Scenarios" data-provider="scenarios" finished-at="2023-03-07T10:37:28 IST" duration-ms="57839" status="PASS">
          <params>
            <param index="0">
              <value>
                <![CDATA["User ia able to Book the Flight in EasyTrip Website"]]>
              </value>
            </param>
            <param index="1">
              <value>
                <![CDATA["login to the OrangeHRM"]]>
              </value>
            </param>
          </params>
          <reporter-output>
          </reporter-output>
        </test-method> <!-- runScenario -->
        <test-method signature="runScenario(io.cucumber.testng.PickleWrapper,io.cucumber.testng.FeatureWrapper)[pri:0, instance:TestRunner.AllRunner@7749bf93]" started-at="2023-03-07T10:37:28 IST" name="runScenario" description="Runs Cucumber Scenarios" data-provider="scenarios" finished-at="2023-03-07T10:38:37 IST" duration-ms="69412" status="PASS">
          <params>
            <param index="0">
              <value>
                <![CDATA["User is able to Book online Bus tickets on EasymyTrip"]]>
              </value>
            </param>
            <param index="1">
              <value>
                <![CDATA["login to the OrangeHRM"]]>
              </value>
            </param>
          </params>
          <reporter-output>
          </reporter-output>
        </test-method> <!-- runScenario -->
        <test-method is-config="true" signature="tearDownClass()[pri:0, instance:TestRunner.AllRunner@7749bf93]" started-at="2023-03-07T10:38:37 IST" name="tearDownClass" finished-at="2023-03-07T10:38:38 IST" duration-ms="204" status="PASS">
          <reporter-output>
          </reporter-output>
        </test-method> <!-- tearDownClass -->
      </class> <!-- TestRunner.AllRunner -->
    </test> <!-- Default test -->
  </suite> <!-- Default suite -->
</testng-results>
